\BOOKMARK [0][-]{section*.2}{\376\377\000E\000r\000k\000l\000\344\000r\000u\000n\000g}{}% 1
\BOOKMARK [0][-]{section*.3}{\376\377\000A\000b\000s\000t\000r\000a\000c\000t}{}% 2
\BOOKMARK [0][-]{section*.4}{\376\377\000A\000c\000k\000n\000o\000w\000l\000e\000d\000g\000e\000m\000e\000n\000t\000s}{}% 3
\BOOKMARK [0][-]{chapter.8}{\376\377\000I\000n\000t\000r\000o\000d\000u\000c\000t\000i\000o\000n}{}% 4
\BOOKMARK [0][-]{chapter.9}{\376\377\000S\000t\000a\000n\000d\000a\000r\000d\000\040\000M\000o\000d\000e\000l\000\040\000a\000n\000d\000\040\000T\000o\000p\000\040\000Q\000u\000a\000r\000k\000\040\000P\000h\000y\000s\000i\000c\000s}{}% 5
\BOOKMARK [1][-]{section.10}{\376\377\000I\000n\000t\000r\000o\000d\000u\000c\000t\000i\000o\000n\000\040\000t\000o\000\040\000S\000t\000a\000n\000d\000a\000r\000d\000\040\000M\000o\000d\000e\000l\000\040\000o\000f\000\040\000P\000a\000r\000t\000i\000c\000l\000e\000\040\000P\000h\000y\000s\000i\000c\000s}{chapter.9}% 6
\BOOKMARK [2][-]{subsection.12}{\376\377\000F\000e\000r\000m\000i\000o\000n\000s\000\040\000\050\000Q\000u\000a\000r\000k\000s\000\040\000a\000n\000d\000\040\000L\000e\000p\000t\000o\000n\000s\000\051}{section.10}% 7
\BOOKMARK [2][-]{subsection.13}{\376\377\000B\000o\000s\000o\000n\000s}{section.10}% 8
\BOOKMARK [2][-]{subsection.14}{\376\377\000I\000n\000t\000e\000r\000a\000c\000t\000i\000o\000n\000s}{section.10}% 9
\BOOKMARK [1][-]{section.17}{\376\377\000T\000h\000e\000\040\000T\000o\000p\000\040\000Q\000u\000a\000r\000k}{chapter.9}% 10
\BOOKMARK [2][-]{subsection.18}{\376\377\000T\000o\000p\000\040\000Q\000u\000a\000r\000k\000\040\000P\000r\000o\000d\000u\000c\000t\000i\000o\000n\000\040\000a\000n\000d\000\040\000D\000e\000c\000a\000y}{section.17}% 11
\BOOKMARK [2][-]{subsection.23}{\376\377\000T\000o\000p\000\040\000Q\000u\000a\000r\000k\000\040\000A\000s\000s\000o\000c\000i\000a\000t\000e\000d\000\040\000w\000i\000t\000h\000\040\000P\000h\000o\000t\000o\000n}{section.17}% 12
\BOOKMARK [0][-]{chapter.26}{\376\377\000T\000h\000e\000\040\000A\000T\000L\000A\000S\000\040\000E\000x\000p\000e\000r\000i\000m\000e\000n\000t\000\040\000a\000t\000\040\000L\000H\000C}{}% 13
\BOOKMARK [1][-]{section.27}{\376\377\000T\000h\000e\000\040\000L\000a\000r\000g\000e\000\040\000H\000a\000d\000r\000o\000n\000\040\000C\000o\000l\000l\000i\000d\000e\000r}{chapter.26}% 14
\BOOKMARK [1][-]{section.29}{\376\377\000A\000T\000L\000A\000S\000\040\000D\000e\000t\000e\000c\000t\000o\000r}{chapter.26}% 15
\BOOKMARK [0][-]{chapter.35}{\376\377\000D\000e\000t\000e\000r\000m\000i\000n\000a\000t\000i\000o\000n\000\040\000o\000f\000\040\000E\000l\000e\000c\000t\000r\000o\000n\000\040\000F\000a\000k\000e\000\040\000B\000a\000c\000k\000g\000r\000o\000u\000n\000d}{}% 16
\BOOKMARK [1][-]{section.37}{\376\377\000B\000a\000c\000k\000g\000r\000o\000u\000n\000d\000\040\000D\000e\000s\000c\000r\000i\000p\000t\000i\000o\000n}{chapter.35}% 17
\BOOKMARK [1][-]{section.38}{\376\377\000D\000a\000t\000a\000\040\000a\000n\000d\000\040\000S\000i\000m\000u\000l\000a\000t\000i\000o\000n\000\040\000S\000a\000m\000p\000l\000e\000s}{chapter.35}% 18
\BOOKMARK [1][-]{section.39}{\376\377\000T\000a\000g\000\040\000a\000n\000d\000\040\000P\000r\000o\000b\000e\000\040\000M\000e\000t\000h\000o\000d}{chapter.35}% 19
\BOOKMARK [1][-]{section.40}{\376\377\000C\000o\000n\000t\000r\000o\000l\000\040\000R\000e\000g\000i\000o\000n\000s\000\040\000a\000n\000d\000\040\000E\000v\000e\000n\000t\000\040\000S\000e\000l\000e\000c\000t\000i\000o\000n}{chapter.35}% 20
\BOOKMARK [1][-]{section.41}{\376\377\000F\000a\000k\000e\000\040\000R\000a\000t\000e\000s\000\040\000i\000n\000\040\000M\000C\000\040\000S\000i\000m\000u\000l\000a\000t\000i\000o\000n\000s}{chapter.35}% 21
\BOOKMARK [2][-]{subsection.42}{\376\377\000P\000h\000o\000t\000o\000n\000\040\000C\000l\000a\000s\000s\000i\000f\000i\000c\000a\000t\000i\000o\000n}{section.41}% 22
\BOOKMARK [2][-]{subsection.46}{\376\377\000F\000a\000k\000e\000\040\000R\000a\000t\000e}{section.41}% 23
\BOOKMARK [1][-]{section.54}{\376\377\000F\000a\000k\000e\000\040\000R\000a\000t\000e\000\040\000E\000s\000t\000i\000m\000a\000t\000i\000o\000n\000\040\000i\000n\000\040\000D\000a\000t\000a}{chapter.35}% 24
\BOOKMARK [1][-]{section.63}{\376\377\000S\000y\000s\000t\000e\000m\000a\000t\000i\000c\000\040\000U\000n\000c\000e\000r\000t\000a\000i\000n\000t\000i\000e\000s}{chapter.35}% 25
\BOOKMARK [1][-]{section.69}{\376\377\000F\000a\000k\000e\000\040\000R\000a\000t\000e\000\040\000S\000c\000a\000l\000e\000\040\000F\000a\000c\000t\000o\000r\000s}{chapter.35}% 26
\BOOKMARK [1][-]{section.71}{\376\377\000P\000h\000o\000t\000o\000n\000\040\000C\000o\000n\000v\000e\000r\000s\000i\000o\000n\000\040\000a\000n\000d\000\040\000S\000F\000s}{chapter.35}% 27
\BOOKMARK [0][-]{chapter.80}{\376\377\000S\000u\000m\000m\000a\000r\000y\000\040\000a\000n\000d\000\040\000O\000u\000t\000l\000o\000o\000k}{}% 28
\BOOKMARK [0][-]{appendix.81}{\376\377\000F\000i\000t\000\040\000R\000e\000s\000u\000l\000t\000s\000\040\000f\000o\000r\000\040\000T\000h\000e\000\040\000F\000a\000k\000e\000\040\000R\000a\000t\000e\000\040\000E\000s\000t\000i\000m\000a\000t\000i\000o\000n\000\040\000i\000n\000\040\000D\000a\000t\000a}{}% 29
\BOOKMARK [0][-]{appendix.88}{\376\377\000F\000i\000t\000\040\000R\000e\000s\000u\000l\000t\000s\000\040\000f\000o\000r\000\040\000T\000h\000e\000\040\000S\000y\000s\000t\000e\000m\000a\000t\000i\000c\000s\000\040\000\050\0001\000\051}{}% 30
\BOOKMARK [0][-]{appendix.95}{\376\377\000F\000i\000t\000\040\000R\000e\000s\000u\000l\000t\000s\000\040\000f\000o\000r\000\040\000T\000h\000e\000\040\000S\000y\000s\000t\000e\000m\000a\000t\000i\000c\000s\000\040\000\050\0002\000\051}{}% 31
\BOOKMARK [0][-]{appendix.102}{\376\377\000F\000i\000t\000\040\000R\000e\000s\000u\000l\000t\000s\000\040\000f\000o\000r\000\040\000T\000h\000e\000\040\000S\000y\000s\000t\000e\000m\000a\000t\000i\000c\000s\000\040\000\050\0003\000\051}{}% 32
\BOOKMARK [0][-]{appendix*.109}{\376\377\000B\000i\000b\000l\000i\000o\000g\000r\000a\000p\000h\000y}{}% 33
